2024-10-06:15:54:12 [INFO    ] [prototype.py:126] {'amp': False,
 'attack': 'lowFrequency',
 'attack_label_trans': 'all2one',
 'attack_target': 0,
 'batch_size': 512,
 'bd_yaml_path': '../config/attack/lf/default.yaml',
 'client_optimizer': 'sgd',
 'dataset': 'cifar10',
 'dataset_path': '../data/cifar10',
 'device': 'cuda:0',
 'epochs': 500,
 'frequency_save': 25,
 'img_size': (32, 32, 3),
 'input_channel': 3,
 'input_height': 32,
 'input_width': 32,
 'lowFrequencyPatternPath': '../resource/lowFrequency/cifar10_preactresnet18_0_255.npy',
 'lr': 0.01,
 'lr_scheduler': 'CosineAnnealingLR',
 'model': 'preactresnet18',
 'non_blocking': True,
 'num_classes': 10,
 'num_workers': 4,
 'pin_memory': True,
 'pratio': 0.2,
 'prefetch': False,
 'random_seed': 0,
 'save_folder_name': 'lf_attack_cifar10',
 'save_path': '../record/lf_attack_cifar10',
 'sgd_momentum': 0.9,
 'terminal_info': ['./attack/lf.py',
                   '--epochs',
                   '500',
                   '--batch_size',
                   '512',
                   '--num_workers',
                   '4',
                   '--yaml_path',
                   '../config/attack/prototype/cifar10.yaml',
                   '--save_folder_name',
                   'lf_attack_cifar10',
                   '--bd_yaml_path',
                   '../config/attack/lf/default.yaml',
                   '--device',
                   'cuda:0',
                   '--frequency_save',
                   '25',
                   '--pratio',
                   '0.2'],
 'wd': 0.0005,
 'yaml_path': '../config/attack/prototype/cifar10.yaml'}
2024-10-06:15:54:12 [DEBUG   ] [prototype.py:128] Only INFO or above level log will show in cmd. DEBUG level log only will show in log file.
2024-10-06:15:54:12 [DEBUG   ] [prototype.py:134] Getting git info fails.
2024-10-06:15:54:12 [INFO    ] [badnet.py:78] stage1 start
2024-10-06:15:54:37 [DEBUG   ] [prototype.py:154] dataset_and_transform_generate done
2024-10-06:15:54:37 [DEBUG   ] [bd_dataset_v2.py:72] Not DatasetFolder or ImageFolder, so iter through
2024-10-06:15:54:39 [DEBUG   ] [bd_dataset_v2.py:72] Not DatasetFolder or ImageFolder, so iter through
2024-10-06:15:54:39 [INFO    ] [bd_attack_generate.py:158] Load lowFrequency trigger with shape (32, 32, 3)
