2024-10-06:15:54:49 [INFO    ] [prototype.py:126] {'C_lr_scheduler': 'None',
 'EPSILON': 1e-07,
 'amp': False,
 'attack': 'inputaware',
 'attack_label_trans': 'all2one',
 'attack_target': 0,
 'batch_size': 512,
 'bd_yaml_path': '../config/attack/inputaware/default.yaml',
 'clean_train_epochs': 25,
 'client_optimizer': 'sgd',
 'dataset': 'cifar10',
 'dataset_path': '../data/cifar10',
 'device': 'cuda:1',
 'epochs': 100,
 'frequency_save': 0,
 'img_size': (32, 32, 3),
 'input_channel': 3,
 'input_height': 32,
 'input_width': 32,
 'lambda_div': 1,
 'lambda_norm': 100,
 'lr': 0.01,
 'lr_C': 0.01,
 'lr_G': 0.01,
 'lr_M': 0.01,
 'lr_scheduler': 'CosineAnnealingLR',
 'mask_density': 0.032,
 'model': 'preactresnet18',
 'non_blocking': True,
 'num_classes': 10,
 'num_workers': 4,
 'pin_memory': True,
 'pratio': 0.2,
 'prefetch': False,
 'random_crop': 5,
 'random_rotation': 10,
 'random_seed': 0,
 'save_folder_name': 'inputaware_attack_cifar10',
 'save_path': '../record/inputaware_attack_cifar10',
 'schedulerC_lambda': 0.1,
 'schedulerC_milestones': [100, 200, 300, 400],
 'schedulerG_lambda': 0.1,
 'schedulerG_milestones': [200, 300, 400, 500],
 'schedulerM_lambda': 0.1,
 'schedulerM_milestones': [10, 20],
 'sgd_momentum': 0.9,
 'terminal_info': ['./attack/inputaware.py',
                   '--batch_size',
                   '512',
                   '--epochs',
                   '100',
                   '--yaml_path',
                   '../config/attack/prototype/cifar10.yaml',
                   '--bd_yaml_path',
                   '../config/attack/inputaware/default.yaml',
                   '--save_folder_name',
                   'inputaware_attack_cifar10',
                   '--pratio',
                   '0.2'],
 'wd': 0.0005,
 'yaml_path': '../config/attack/prototype/cifar10.yaml'}
2024-10-06:15:54:49 [DEBUG   ] [prototype.py:128] Only INFO or above level log will show in cmd. DEBUG level log only will show in log file.
2024-10-06:15:54:49 [DEBUG   ] [prototype.py:134] Getting git info fails.
2024-10-06:15:54:49 [INFO    ] [inputaware.py:315] stage1 start
2024-10-06:15:54:51 [DEBUG   ] [prototype.py:154] dataset_and_transform_generate done
2024-10-06:15:54:51 [DEBUG   ] [bd_dataset_v2.py:72] Not DatasetFolder or ImageFolder, so iter through
2024-10-06:15:54:53 [DEBUG   ] [bd_dataset_v2.py:72] Not DatasetFolder or ImageFolder, so iter through
2024-10-06:15:54:53 [INFO    ] [inputaware.py:353] stage2 start
2024-10-06:15:54:53 [DEBUG   ] [model_trainer_generate.py:122] image_size ONLY apply for vit!!!
If you use vit make sure you set the image size!
2024-10-06:15:54:53 [DEBUG   ] [model_trainer_generate.py:128] Make sure you want PreActResNet18, which is NOT resnet18.
2024-10-06:15:54:54 [INFO    ] [inputaware.py:421] Epoch 1 - cifar10 - all2one | mask_density: 0.032 - lambda_div: 1  - lambda_norm: 100:
2024-10-06:15:55:11 [INFO    ] [inputaware.py:730]  Eval:
2024-10-06:15:55:13 [INFO    ] [inputaware.py:421] Epoch 2 - cifar10 - all2one | mask_density: 0.032 - lambda_div: 1  - lambda_norm: 100:
2024-10-06:15:55:30 [INFO    ] [inputaware.py:730]  Eval:
2024-10-06:15:55:32 [INFO    ] [inputaware.py:421] Epoch 3 - cifar10 - all2one | mask_density: 0.032 - lambda_div: 1  - lambda_norm: 100:
2024-10-06:15:55:48 [INFO    ] [inputaware.py:730]  Eval:
2024-10-06:15:55:50 [INFO    ] [inputaware.py:421] Epoch 4 - cifar10 - all2one | mask_density: 0.032 - lambda_div: 1  - lambda_norm: 100:
2024-10-06:15:56:06 [INFO    ] [inputaware.py:730]  Eval:
2024-10-06:15:56:08 [INFO    ] [inputaware.py:421] Epoch 5 - cifar10 - all2one | mask_density: 0.032 - lambda_div: 1  - lambda_norm: 100:
2024-10-06:15:56:25 [INFO    ] [inputaware.py:730]  Eval:
2024-10-06:15:56:27 [INFO    ] [inputaware.py:421] Epoch 6 - cifar10 - all2one | mask_density: 0.032 - lambda_div: 1  - lambda_norm: 100:
2024-10-06:15:56:43 [INFO    ] [inputaware.py:730]  Eval:
2024-10-06:15:56:45 [INFO    ] [inputaware.py:421] Epoch 7 - cifar10 - all2one | mask_density: 0.032 - lambda_div: 1  - lambda_norm: 100:
2024-10-06:15:57:02 [INFO    ] [inputaware.py:730]  Eval:
2024-10-06:15:57:04 [INFO    ] [inputaware.py:421] Epoch 8 - cifar10 - all2one | mask_density: 0.032 - lambda_div: 1  - lambda_norm: 100:
