2024-10-06:15:54:42 [INFO    ] [prototype.py:126] {'amp': False,
 'attack': 'blended',
 'attack_label_trans': 'all2all',
 'attack_target': 0,
 'attack_test_blended_alpha': 0.2,
 'attack_train_blended_alpha': 0.2,
 'attack_trigger_img_path': '../resource/blended/hello_kitty.jpeg',
 'batch_size': 512,
 'bd_yaml_path': '../config/attack/blended/default.yaml',
 'client_optimizer': 'sgd',
 'dataset': 'cifar10',
 'dataset_path': '../data/cifar10',
 'device': 'cuda:1',
 'epochs': 500,
 'frequency_save': 0,
 'img_size': (32, 32, 3),
 'input_channel': 3,
 'input_height': 32,
 'input_width': 32,
 'lr': 0.01,
 'lr_scheduler': 'CosineAnnealingLR',
 'model': 'preactresnet18',
 'non_blocking': True,
 'num_classes': 10,
 'num_workers': 4,
 'pin_memory': True,
 'pratio': 0.2,
 'prefetch': False,
 'random_seed': 0,
 'save_folder_name': 'blended_attack_cifar10',
 'save_path': '../record/blended_attack_cifar10',
 'sgd_momentum': 0.9,
 'terminal_info': ['./attack/blended.py',
                   '--batch_size',
                   '512',
                   '--epochs',
                   '500',
                   '--yaml_path',
                   '../config/attack/prototype/cifar10.yaml',
                   '--bd_yaml_path',
                   '../config/attack/blended/default.yaml',
                   '--save_folder_name',
                   'blended_attack_cifar10',
                   '--pratio',
                   '0.2',
                   '--attack_label_trans',
                   'all2all',
                   '--device',
                   'cuda:1'],
 'wd': 0.0005,
 'yaml_path': '../config/attack/prototype/cifar10.yaml'}
2024-10-06:15:54:42 [DEBUG   ] [prototype.py:128] Only INFO or above level log will show in cmd. DEBUG level log only will show in log file.
2024-10-06:15:54:42 [DEBUG   ] [prototype.py:134] Getting git info fails.
2024-10-06:15:54:42 [INFO    ] [badnet.py:78] stage1 start
2024-10-06:15:54:44 [DEBUG   ] [prototype.py:154] dataset_and_transform_generate done
2024-10-06:15:54:44 [DEBUG   ] [bd_dataset_v2.py:72] Not DatasetFolder or ImageFolder, so iter through
2024-10-06:15:54:46 [DEBUG   ] [bd_dataset_v2.py:72] Not DatasetFolder or ImageFolder, so iter through
